<?xml version="1.0" encoding="UTF-8"?>
<!-- Generated by org.testng.reporters.JUnitReportReporter -->
<testsuite hostname="DESKTOP-EVV4RUL" name="E2EPractice.E2EProject.ValidateContacts" tests="1" failures="0" timestamp="3 Apr 2019 09:28:48 GMT" time="0.074" errors="0">
  <testcase name="VerifyContacts" time="0.074" classname="E2EPractice.E2EProject.ValidateContacts"/>
</testsuite> <!-- E2EPractice.E2EProject.ValidateContacts -->
