<?xml version="1.0" encoding="UTF-8"?>
<!-- Generated by org.testng.reporters.JUnitReportReporter -->
<testsuite hostname="DESKTOP-EVV4RUL" name="E2EPractice.E2EProject.HomePage" tests="4" failures="0" timestamp="3 Apr 2019 09:28:48 GMT" time="31.267" errors="0">
  <testcase name="Login" time="6.374" classname="E2EPractice.E2EProject.HomePage"/>
  <testcase name="Login" time="8.085" classname="E2EPractice.E2EProject.HomePage"/>
  <testcase name="Login" time="6.305" classname="E2EPractice.E2EProject.HomePage"/>
  <testcase name="HPNavigation" time="10.503" classname="E2EPractice.E2EProject.HomePage"/>
</testsuite> <!-- E2EPractice.E2EProject.HomePage -->
